[debug] [2020-10-05T23:22:46.855Z] ----------------------------------------------------------------------
[debug] [2020-10-05T23:22:46.856Z] Command:       C:\Program Files\nodejs\node.exe C:\Users\zyxes\AppData\Roaming\npm\node_modules\firebase-tools\lib\bin\firebase.js serve
[debug] [2020-10-05T23:22:46.857Z] CLI Version:   8.11.2
[debug] [2020-10-05T23:22:46.857Z] Platform:      win32
[debug] [2020-10-05T23:22:46.857Z] Node Version:  v10.16.3
[debug] [2020-10-05T23:22:46.858Z] Time:          Tue Oct 06 2020 06:22:46 GMT+0700 (Indochina Time)
[debug] [2020-10-05T23:22:46.858Z] ----------------------------------------------------------------------
[debug] [2020-10-05T23:22:46.858Z] 
[debug] [2020-10-05T23:22:46.866Z] > command requires scopes: ["email","openid","https://www.googleapis.com/auth/cloudplatformprojects.readonly","https://www.googleapis.com/auth/firebase","https://www.googleapis.com/auth/cloud-platform"]
[debug] [2020-10-05T23:22:46.867Z] > authorizing via signed-in user
[debug] [2020-10-05T23:22:46.867Z] [iam] checking project sunerry-6cc5e for permissions ["firebase.projects.get"]
[debug] [2020-10-05T23:22:46.871Z] >>> HTTP REQUEST POST https://cloudresourcemanager.googleapis.com/v1/projects/sunerry-6cc5e:testIamPermissions  
 {"permissions":["firebase.projects.get"]}
[debug] [2020-10-05T23:22:48.068Z] <<< HTTP RESPONSE 200 {"content-type":"application/json; charset=UTF-8","vary":"X-Origin, Referer, Origin,Accept-Encoding","date":"Mon, 05 Oct 2020 23:22:47 GMT","server":"ESF","cache-control":"private","x-xss-protection":"0","x-frame-options":"SAMEORIGIN","x-content-type-options":"nosniff","server-timing":"gfet4t7; dur=1032","alt-svc":"h3-Q050=\":443\"; ma=2592000,h3-29=\":443\"; ma=2592000,h3-27=\":443\"; ma=2592000,h3-T051=\":443\"; ma=2592000,h3-T050=\":443\"; ma=2592000,h3-Q046=\":443\"; ma=2592000,h3-Q043=\":443\"; ma=2592000,quic=\":443\"; ma=2592000; v=\"46,43\"","accept-ranges":"none","transfer-encoding":"chunked"}
[debug] [2020-10-05T23:22:48.070Z] >>> HTTP REQUEST GET https://firebase.googleapis.com/v1beta1/projects/sunerry-6cc5e  
 
[debug] [2020-10-05T23:22:48.476Z] <<< HTTP RESPONSE 200 {"content-type":"application/json; charset=UTF-8","vary":"X-Origin, Referer, Origin,Accept-Encoding","date":"Mon, 05 Oct 2020 23:22:47 GMT","server":"ESF","cache-control":"private","x-xss-protection":"0","x-frame-options":"SAMEORIGIN","x-content-type-options":"nosniff","alt-svc":"h3-Q050=\":443\"; ma=2592000,h3-29=\":443\"; ma=2592000,h3-27=\":443\"; ma=2592000,h3-T051=\":443\"; ma=2592000,h3-T050=\":443\"; ma=2592000,h3-Q046=\":443\"; ma=2592000,h3-Q043=\":443\"; ma=2592000,quic=\":443\"; ma=2592000; v=\"46,43\"","accept-ranges":"none","transfer-encoding":"chunked"}
[info] 
[info] === Serving from 'C:\Users\zyxes\Desktop\VS_CODES\ADV-Project'...
[info] 
[debug] [2020-10-05T23:22:48.480Z] >>> HTTP REQUEST GET https://firebase.googleapis.com/v1beta1/projects/sunerry-6cc5e/webApps/-/config  
 
[debug] [2020-10-05T23:22:49.726Z] <<< HTTP RESPONSE 200 {"content-type":"application/json; charset=UTF-8","vary":"X-Origin, Referer, Origin,Accept-Encoding","date":"Mon, 05 Oct 2020 23:22:49 GMT","server":"ESF","cache-control":"private","x-xss-protection":"0","x-frame-options":"SAMEORIGIN","x-content-type-options":"nosniff","alt-svc":"h3-Q050=\":443\"; ma=2592000,h3-29=\":443\"; ma=2592000,h3-27=\":443\"; ma=2592000,h3-T051=\":443\"; ma=2592000,h3-T050=\":443\"; ma=2592000,h3-Q046=\":443\"; ma=2592000,h3-Q043=\":443\"; ma=2592000,quic=\":443\"; ma=2592000; v=\"46,43\"","accept-ranges":"none","transfer-encoding":"chunked"}
[info] i  hosting: Serving hosting files from: build {"metadata":{"emulator":{"name":"hosting"},"message":"Serving hosting files from: \u001b[1mbuild\u001b[22m"}}
[info] +  hosting: Local server: http://localhost:5000 {"metadata":{"emulator":{"name":"hosting"},"message":"Local server: \u001b[4m\u001b[1mhttp://localhost:5000\u001b[22m\u001b[24m"}}
